<?xml version="1.0" encoding="UTF-8" ?>
<testsuite failures="0" time="0" errors="0" skipped="0" tests="1" name="com.ms.trivia.TriviaAppTest">
  <properties>
    <property name="java.runtime.name" value="Java(TM) SE Runtime Environment"/>
    <property name="sun.boot.library.path" value="C:\IPWC\tools\java\jdk\jre\bin"/>
    <property name="java.vm.version" value="24.75-b04"/>
    <property name="java.vm.vendor" value="Oracle Corporation"/>
    <property name="maven.multiModuleProjectDirectory" value="M2_HOME"/>
    <property name="java.vendor.url" value="http://java.oracle.com/"/>
    <property name="path.separator" value=";"/>
    <property name="guice.disable.misplaced.annotation.check" value="true"/>
    <property name="java.vm.name" value="Java HotSpot(TM) 64-Bit Server VM"/>
    <property name="file.encoding.pkg" value="sun.io"/>
    <property name="user.script" value=""/>
    <property name="user.country" value="US"/>
    <property name="sun.java.launcher" value="SUN_STANDARD"/>
    <property name="sun.os.patch.level" value="Service Pack 1"/>
    <property name="java.vm.specification.name" value="Java Virtual Machine Specification"/>
    <property name="user.dir" value="C:\Users\IBM_ADMIN\Documents\Ravi K Vanama\Microservices_Docker_DevOps\POC\Eclipse_Workspace\SampleTrivialQuestionsMS"/>
    <property name="java.runtime.version" value="1.7.0_75-b13"/>
    <property name="java.awt.graphicsenv" value="sun.awt.Win32GraphicsEnvironment"/>
    <property name="java.endorsed.dirs" value="C:\IPWC\tools\java\jdk\jre\lib\endorsed"/>
    <property name="os.arch" value="amd64"/>
    <property name="java.io.tmpdir" value="C:\Users\IBM_AD~1\AppData\Local\Temp\"/>
    <property name="line.separator" value="
"/>
    <property name="java.vm.specification.vendor" value="Oracle Corporation"/>
    <property name="user.variant" value=""/>
    <property name="os.name" value="Windows 7"/>
    <property name="classworlds.conf" value="C:\Users\IBM_ADMIN\Documents\Ravi K Vanama\Microservices_Docker_DevOps\POC\Eclipse_Workspace\.metadata\.plugins\org.eclipse.m2e.launching\launches\m2conf827292785942026716.tmp"/>
    <property name="sun.jnu.encoding" value="Cp1252"/>
    <property name="java.library.path" value="C:\IPWC\tools\java\jdk\bin;C:\windows\Sun\Java\bin;C:\windows\system32;C:\windows;C:/IPWC/tools/java/jdk8/bin/../jre/bin/server;C:/IPWC/tools/java/jdk8/bin/../jre/bin;C:/IPWC/tools/java/jdk8/bin/../jre/lib/amd64;C:\IPWC\tools\java\jdk8\bin;;C:\ProgramData\Oracle\Java\javapath;C:\app\sunsri\product\11.2.0\dbhome_1\bin;%ANT_HOME%\bin;%CATALINA_HOME%\bin;C:\windows\system32;C:\windows;C:\windows\System32\Wbem;C:\windows\System32\WindowsPowerShell\v1.0\;C:\Program Files\ThinkPad\Bluetooth Software\;C:\Program Files\ThinkPad\Bluetooth Software\syswow64;C:\Program Files\Intel\WiFi\bin\;C:\Program Files\Common Files\Intel\WirelessCommon\;C:\Program Files (x86)\IBM\Personal Communications\;C:\Program Files (x86)\IBM\Trace Facility\;C:\IPWC\tools\perforce;C:\Program Files\ibm\gsk8\lib64;C:\Program Files (x86)\ibm\gsk8\lib;C:\PROGRA~1\IBM\DB2\BIN;C:\PROGRA~1\IBM\DB2\FUNCTION;C:\PROGRA~1\IBM\DB2\SAMPLES\REPL;C:\Program Files (x86)\IBM\Mobility Client\;C:\Program Files (x86)\Common Files\lenovo\easyplussdk\bin;C:\Apache Tools\apache-maven-3.3.9\bin;C:\Program Files\Git\cmd;C:\Program Files (x86)\Beyond Compare 4;C:\IPWC\tools\gradle\bin;C:\Program Files\nodejs\;C:\IPWC\tools\java\jdk8\bin;C:\IPWC\app\ant\bin;C:\IPWC\tools\tomcat7BD4\bin;C:\Program Files\Intel\WiFi\bin\;C:\Program Files\Common Files\Intel\WirelessCommon\;C:\Users\IBM_ADMIN\AppData\Roaming\npm;C:\IPWC\tools\gradle\bin;C:\Program Files\Docker Toolbox;C:\IPWC\tools\Eclipse_kepler;;."/>
    <property name="java.specification.name" value="Java Platform API Specification"/>
    <property name="java.class.version" value="51.0"/>
    <property name="sun.management.compiler" value="HotSpot 64-Bit Tiered Compilers"/>
    <property name="os.version" value="6.1"/>
    <property name="user.home" value="C:\Users\IBM_ADMIN"/>
    <property name="user.timezone" value="Asia/Calcutta"/>
    <property name="java.awt.printerjob" value="sun.awt.windows.WPrinterJob"/>
    <property name="java.specification.version" value="1.7"/>
    <property name="file.encoding" value="Cp1252"/>
    <property name="user.name" value="sunsri"/>
    <property name="java.class.path" value="C:\Apache Tools\apache-maven-3.3.9\boot\plexus-classworlds-2.5.2.jar"/>
    <property name="java.vm.specification.version" value="1.7"/>
    <property name="sun.arch.data.model" value="64"/>
    <property name="java.home" value="C:\IPWC\tools\java\jdk\jre"/>
    <property name="sun.java.command" value="org.codehaus.classworlds.Launcher -B -s C:\Apache Tools\apache-maven-3.3.9\conf\settings.xml install"/>
    <property name="java.specification.vendor" value="Oracle Corporation"/>
    <property name="user.language" value="en"/>
    <property name="awt.toolkit" value="sun.awt.windows.WToolkit"/>
    <property name="java.vm.info" value="mixed mode"/>
    <property name="java.version" value="1.7.0_75"/>
    <property name="java.ext.dirs" value="C:\IPWC\tools\java\jdk\jre\lib\ext;C:\windows\Sun\Java\lib\ext"/>
    <property name="sun.boot.class.path" value="C:\IPWC\tools\java\jdk\jre\lib\resources.jar;C:\IPWC\tools\java\jdk\jre\lib\rt.jar;C:\IPWC\tools\java\jdk\jre\lib\sunrsasign.jar;C:\IPWC\tools\java\jdk\jre\lib\jsse.jar;C:\IPWC\tools\java\jdk\jre\lib\jce.jar;C:\IPWC\tools\java\jdk\jre\lib\charsets.jar;C:\IPWC\tools\java\jdk\jre\lib\jfr.jar;C:\IPWC\tools\java\jdk\jre\classes"/>
    <property name="java.vendor" value="Oracle Corporation"/>
    <property name="maven.home" value="C:\Apache Tools\apache-maven-3.3.9"/>
    <property name="file.separator" value="\"/>
    <property name="java.vendor.url.bug" value="http://bugreport.sun.com/bugreport/"/>
    <property name="maven.bootclasspath" value="C:\Apache Tools\apache-maven-3.3.9\boot\plexus-classworlds-2.5.2.jar"/>
    <property name="sun.cpu.endian" value="little"/>
    <property name="sun.io.unicode.encoding" value="UnicodeLittle"/>
    <property name="sun.desktop" value="windows"/>
    <property name="sun.cpu.isalist" value="amd64"/>
  </properties>
  <testcase time="0" classname="com.ms.trivia.TriviaAppTest" name="testApp"/>
</testsuite>